# JRE version: OpenJDK Runtime Environment (8.0_265-b01) (build 1.8.0_265-b01)
# Java VM: OpenJDK 64-Bit Server VM (25.265-b01 mixed mode bsd-amd64 compressed oops)
Heap:
 PSYoungGen      total 103424K, used 15354K [0x000000076ab00000, 0x0000000771a80000, 0x00000007c0000000)
  eden space 94208K, 16% used [0x000000076ab00000,0x000000076b9febb0,0x0000000770700000)
  from space 9216K, 0% used [0x0000000771080000,0x0000000771080000,0x0000000771980000)
  to   space 9728K, 0% used [0x0000000770700000,0x0000000770700000,0x0000000771080000)
 ParOldGen       total 130048K, used 51810K [0x00000006c0000000, 0x00000006c7f00000, 0x000000076ab00000)
  object space 130048K, 39% used [0x00000006c0000000,0x00000006c32988b0,0x00000006c7f00000)
 Metaspace       used 35715K, capacity 39236K, committed 39296K, reserved 1083392K
  class space    used 4632K, capacity 5220K, committed 5248K, reserved 1048576K
GC Heap History (10 events):
Event: 14180.953 GC heap before
{Heap before GC invocations=150 (full 72):
 PSYoungGen      total 102912K, used 6105K [0x000000076ab00000, 0x0000000771980000, 0x00000007c0000000)
  eden space 94208K, 0% used [0x000000076ab00000,0x000000076ab00000,0x0000000770700000)
  from space 8704K, 70% used [0x0000000771000000,0x00000007715f6710,0x0000000771880000)
  to   space 9216K, 0% used [0x0000000770700000,0x0000000770700000,0x0000000771000000)
 ParOldGen       total 130048K, used 47695K [0x00000006c0000000, 0x00000006c7f00000, 0x000000076ab00000)
  object space 130048K, 36% used [0x00000006c0000000,0x00000006c2e93f90,0x00000006c7f00000)
 Metaspace       used 35692K, capacity 39236K, committed 39296K, reserved 1083392K
  class space    used 4632K, capacity 5220K, committed 5248K, reserved 1048576K
Event: 14181.010 GC heap after
Heap after GC invocations=150 (full 72):
 PSYoungGen      total 102912K, used 0K [0x000000076ab00000, 0x0000000771980000, 0x00000007c0000000)
  eden space 94208K, 0% used [0x000000076ab00000,0x000000076ab00000,0x0000000770700000)
  from space 8704K, 0% used [0x0000000771000000,0x0000000771000000,0x0000000771880000)
  to   space 9216K, 0% used [0x0000000770700000,0x0000000770700000,0x0000000771000000)
 ParOldGen       total 130048K, used 51852K [0x00000006c0000000, 0x00000006c7f00000, 0x000000076ab00000)
  object space 130048K, 39% used [0x00000006c0000000,0x00000006c32a3188,0x00000006c7f00000)
 Metaspace       used 35692K, capacity 39236K, committed 39296K, reserved 1083392K
  class space    used 4632K, capacity 5220K, committed 5248K, reserved 1048576K
}
Event: 14219.795 GC heap before
{Heap before GC invocations=151 (full 72):
 PSYoungGen      total 102912K, used 19908K [0x000000076ab00000, 0x0000000771980000, 0x00000007c0000000)
  eden space 94208K, 21% used [0x000000076ab00000,0x000000076be71028,0x0000000770700000)
  from space 8704K, 0% used [0x0000000771000000,0x0000000771000000,0x0000000771880000)
  to   space 9216K, 0% used [0x0000000770700000,0x0000000770700000,0x0000000771000000)
 ParOldGen       total 130048K, used 51852K [0x00000006c0000000, 0x00000006c7f00000, 0x000000076ab00000)
  object space 130048K, 39% used [0x00000006c0000000,0x00000006c32a3188,0x00000006c7f00000)
 Metaspace       used 35699K, capacity 39236K, committed 39296K, reserved 1083392K
  class space    used 4632K, capacity 5220K, committed 5248K, reserved 1048576K
Event: 14219.797 GC heap after
Heap after GC invocations=151 (full 72):
 PSYoungGen      total 103424K, used 1486K [0x000000076ab00000, 0x0000000771980000, 0x00000007c0000000)
  eden space 94208K, 0% used [0x000000076ab00000,0x000000076ab00000,0x0000000770700000)
  from space 9216K, 16% used [0x0000000770700000,0x0000000770873800,0x0000000771000000)
  to   space 9216K, 0% used [0x0000000771080000,0x0000000771080000,0x0000000771980000)
 ParOldGen       total 130048K, used 51852K [0x00000006c0000000, 0x00000006c7f00000, 0x000000076ab00000)
  object space 130048K, 39% used [0x00000006c0000000,0x00000006c32a3188,0x00000006c7f00000)
 Metaspace       used 35699K, capacity 39236K, committed 39296K, reserved 1083392K
  class space    used 4632K, capacity 5220K, committed 5248K, reserved 1048576K
}
Event: 14219.797 GC heap before
{Heap before GC invocations=152 (full 73):
 PSYoungGen      total 103424K, used 1486K [0x000000076ab00000, 0x0000000771980000, 0x00000007c0000000)
  eden space 94208K, 0% used [0x000000076ab00000,0x000000076ab00000,0x0000000770700000)
  from space 9216K, 16% used [0x0000000770700000,0x0000000770873800,0x0000000771000000)
  to   space 9216K, 0% used [0x0000000771080000,0x0000000771080000,0x0000000771980000)
 ParOldGen       total 130048K, used 51852K [0x00000006c0000000, 0x00000006c7f00000, 0x000000076ab00000)
  object space 130048K, 39% used [0x00000006c0000000,0x00000006c32a3188,0x00000006c7f00000)
 Metaspace       used 35699K, capacity 39236K, committed 39296K, reserved 1083392K
  class space    used 4632K, capacity 5220K, committed 5248K, reserved 1048576K
Event: 14219.854 GC heap after
Heap after GC invocations=152 (full 73):
 PSYoungGen      total 103424K, used 0K [0x000000076ab00000, 0x0000000771980000, 0x00000007c0000000)
  eden space 94208K, 0% used [0x000000076ab00000,0x000000076ab00000,0x0000000770700000)
  from space 9216K, 0% used [0x0000000770700000,0x0000000770700000,0x0000000771000000)
  to   space 9216K, 0% used [0x0000000771080000,0x0000000771080000,0x0000000771980000)
 ParOldGen       total 130048K, used 47737K [0x00000006c0000000, 0x00000006c7f00000, 0x000000076ab00000)
  object space 130048K, 36% used [0x00000006c0000000,0x00000006c2e9e518,0x00000006c7f00000)
 Metaspace       used 35699K, capacity 39236K, committed 39296K, reserved 1083392K
  class space    used 4632K, capacity 5220K, committed 5248K, reserved 1048576K
}
Event: 14235.036 GC heap before
{Heap before GC invocations=153 (full 73):
 PSYoungGen      total 103424K, used 42103K [0x000000076ab00000, 0x0000000771980000, 0x00000007c0000000)
  eden space 94208K, 44% used [0x000000076ab00000,0x000000076d41ddc0,0x0000000770700000)
  from space 9216K, 0% used [0x0000000770700000,0x0000000770700000,0x0000000771000000)
  to   space 9216K, 0% used [0x0000000771080000,0x0000000771080000,0x0000000771980000)
 ParOldGen       total 130048K, used 47737K [0x00000006c0000000, 0x00000006c7f00000, 0x000000076ab00000)
  object space 130048K, 36% used [0x00000006c0000000,0x00000006c2e9e518,0x00000006c7f00000)
 Metaspace       used 35710K, capacity 39236K, committed 39296K, reserved 1083392K
  class space    used 4632K, capacity 5220K, committed 5248K, reserved 1048576K
Event: 14235.039 GC heap after
Heap after GC invocations=153 (full 73):
 PSYoungGen      total 103424K, used 6003K [0x000000076ab00000, 0x0000000771a80000, 0x00000007c0000000)
  eden space 94208K, 0% used [0x000000076ab00000,0x000000076ab00000,0x0000000770700000)
  from space 9216K, 65% used [0x0000000771080000,0x000000077165ce18,0x0000000771980000)
  to   space 9728K, 0% used [0x0000000770700000,0x0000000770700000,0x0000000771080000)
 ParOldGen       total 130048K, used 47737K [0x00000006c0000000, 0x00000006c7f00000, 0x000000076ab00000)
  object space 130048K, 36% used [0x00000006c0000000,0x00000006c2e9e518,0x00000006c7f00000)
 Metaspace       used 35710K, capacity 39236K, committed 39296K, reserved 1083392K
  class space    used 4632K, capacity 5220K, committed 5248K, reserved 1048576K
}
Event: 14235.039 GC heap before
{Heap before GC invocations=154 (full 74):
 PSYoungGen      total 103424K, used 6003K [0x000000076ab00000, 0x0000000771a80000, 0x00000007c0000000)
  eden space 94208K, 0% used [0x000000076ab00000,0x000000076ab00000,0x0000000770700000)
  from space 9216K, 65% used [0x0000000771080000,0x000000077165ce18,0x0000000771980000)
  to   space 9728K, 0% used [0x0000000770700000,0x0000000770700000,0x0000000771080000)
 ParOldGen       total 130048K, used 47737K [0x00000006c0000000, 0x00000006c7f00000, 0x000000076ab00000)
  object space 130048K, 36% used [0x00000006c0000000,0x00000006c2e9e518,0x00000006c7f00000)
 Metaspace       used 35710K, capacity 39236K, committed 39296K, reserved 1083392K
  class space    used 4632K, capacity 5220K, committed 5248K, reserved 1048576K
Event: 14235.086 GC heap after
Heap after GC invocations=154 (full 74):
 PSYoungGen      total 103424K, used 0K [0x000000076ab00000, 0x0000000771a80000, 0x00000007c0000000)
  eden space 94208K, 0% used [0x000000076ab00000,0x000000076ab00000,0x0000000770700000)
  from space 9216K, 0% used [0x0000000771080000,0x0000000771080000,0x0000000771980000)
  to   space 9728K, 0% used [0x0000000770700000,0x0000000770700000,0x0000000771080000)
 ParOldGen       total 130048K, used 51810K [0x00000006c0000000, 0x00000006c7f00000, 0x000000076ab00000)
  object space 130048K, 39% used [0x00000006c0000000,0x00000006c32988b0,0x00000006c7f00000)
 Metaspace       used 35710K, capacity 39236K, committed 39296K, reserved 1083392K
  class space    used 4632K, capacity 5220K, committed 5248K, reserved 1048576K
}

