# JRE version: OpenJDK Runtime Environment (8.0_265-b01) (build 1.8.0_265-b01)
# Java VM: OpenJDK 64-Bit Server VM (25.265-b01 mixed mode bsd-amd64 compressed oops)
Heap:
 PSYoungGen      total 141312K, used 7111K [0x000000076ab00000, 0x0000000774400000, 0x00000007c0000000)
  eden space 128000K, 5% used [0x000000076ab00000,0x000000076b1f1eb0,0x0000000772800000)
  from space 13312K, 0% used [0x0000000773700000,0x0000000773700000,0x0000000774400000)
  to   space 14336K, 0% used [0x0000000772800000,0x0000000772800000,0x0000000773600000)
 ParOldGen       total 133632K, used 48500K [0x00000006c0000000, 0x00000006c8280000, 0x000000076ab00000)
  object space 133632K, 36% used [0x00000006c0000000,0x00000006c2f5d298,0x00000006c8280000)
 Metaspace       used 34204K, capacity 37484K, committed 37632K, reserved 1081344K
  class space    used 4498K, capacity 5058K, committed 5120K, reserved 1048576K
GC Heap History (10 events):
Event: 581.600 GC heap before
{Heap before GC invocations=36 (full 16):
 PSYoungGen      total 109056K, used 10533K [0x000000076ab00000, 0x0000000772f00000, 0x00000007c0000000)
  eden space 98304K, 10% used [0x000000076ab00000,0x000000076b549618,0x0000000770b00000)
  from space 10752K, 0% used [0x0000000770b00000,0x0000000770b00000,0x0000000771580000)
  to   space 10752K, 0% used [0x0000000772480000,0x0000000772480000,0x0000000772f00000)
 ParOldGen       total 133632K, used 48513K [0x00000006c0000000, 0x00000006c8280000, 0x000000076ab00000)
  object space 133632K, 36% used [0x00000006c0000000,0x00000006c2f60458,0x00000006c8280000)
 Metaspace       used 34130K, capacity 37330K, committed 37632K, reserved 1081344K
  class space    used 4498K, capacity 5057K, committed 5120K, reserved 1048576K
Event: 581.603 GC heap after
Heap after GC invocations=36 (full 16):
 PSYoungGen      total 124416K, used 934K [0x000000076ab00000, 0x0000000772f00000, 0x00000007c0000000)
  eden space 113664K, 0% used [0x000000076ab00000,0x000000076ab00000,0x0000000771a00000)
  from space 10752K, 8% used [0x0000000772480000,0x0000000772569980,0x0000000772f00000)
  to   space 10752K, 0% used [0x0000000771a00000,0x0000000771a00000,0x0000000772480000)
 ParOldGen       total 133632K, used 48521K [0x00000006c0000000, 0x00000006c8280000, 0x000000076ab00000)
  object space 133632K, 36% used [0x00000006c0000000,0x00000006c2f62458,0x00000006c8280000)
 Metaspace       used 34130K, capacity 37330K, committed 37632K, reserved 1081344K
  class space    used 4498K, capacity 5057K, committed 5120K, reserved 1048576K
}
Event: 581.603 GC heap before
{Heap before GC invocations=37 (full 17):
 PSYoungGen      total 124416K, used 934K [0x000000076ab00000, 0x0000000772f00000, 0x00000007c0000000)
  eden space 113664K, 0% used [0x000000076ab00000,0x000000076ab00000,0x0000000771a00000)
  from space 10752K, 8% used [0x0000000772480000,0x0000000772569980,0x0000000772f00000)
  to   space 10752K, 0% used [0x0000000771a00000,0x0000000771a00000,0x0000000772480000)
 ParOldGen       total 133632K, used 48521K [0x00000006c0000000, 0x00000006c8280000, 0x000000076ab00000)
  object space 133632K, 36% used [0x00000006c0000000,0x00000006c2f62458,0x00000006c8280000)
 Metaspace       used 34130K, capacity 37330K, committed 37632K, reserved 1081344K
  class space    used 4498K, capacity 5057K, committed 5120K, reserved 1048576K
Event: 581.648 GC heap after
Heap after GC invocations=37 (full 17):
 PSYoungGen      total 124416K, used 0K [0x000000076ab00000, 0x0000000772f00000, 0x00000007c0000000)
  eden space 113664K, 0% used [0x000000076ab00000,0x000000076ab00000,0x0000000771a00000)
  from space 10752K, 0% used [0x0000000772480000,0x0000000772480000,0x0000000772f00000)
  to   space 10752K, 0% used [0x0000000771a00000,0x0000000771a00000,0x0000000772480000)
 ParOldGen       total 133632K, used 44335K [0x00000006c0000000, 0x00000006c8280000, 0x000000076ab00000)
  object space 133632K, 33% used [0x00000006c0000000,0x00000006c2b4bc08,0x00000006c8280000)
 Metaspace       used 34130K, capacity 37330K, committed 37632K, reserved 1081344K
  class space    used 4498K, capacity 5057K, committed 5120K, reserved 1048576K
}
Event: 600.400 GC heap before
{Heap before GC invocations=38 (full 17):
 PSYoungGen      total 124416K, used 113664K [0x000000076ab00000, 0x0000000772f00000, 0x00000007c0000000)
  eden space 113664K, 100% used [0x000000076ab00000,0x0000000771a00000,0x0000000771a00000)
  from space 10752K, 0% used [0x0000000772480000,0x0000000772480000,0x0000000772f00000)
  to   space 10752K, 0% used [0x0000000771a00000,0x0000000771a00000,0x0000000772480000)
 ParOldGen       total 133632K, used 44337K [0x00000006c0000000, 0x00000006c8280000, 0x000000076ab00000)
  object space 133632K, 33% used [0x00000006c0000000,0x00000006c2b4c5f0,0x00000006c8280000)
 Metaspace       used 34197K, capacity 37412K, committed 37632K, reserved 1081344K
  class space    used 4498K, capacity 5058K, committed 5120K, reserved 1048576K
Event: 600.404 GC heap after
Heap after GC invocations=38 (full 17):
 PSYoungGen      total 124416K, used 4884K [0x000000076ab00000, 0x0000000774600000, 0x00000007c0000000)
  eden space 113664K, 0% used [0x000000076ab00000,0x000000076ab00000,0x0000000771a00000)
  from space 10752K, 45% used [0x0000000771a00000,0x0000000771ec5318,0x0000000772480000)
  to   space 15360K, 0% used [0x0000000773700000,0x0000000773700000,0x0000000774600000)
 ParOldGen       total 133632K, used 44337K [0x00000006c0000000, 0x00000006c8280000, 0x000000076ab00000)
  object space 133632K, 33% used [0x00000006c0000000,0x00000006c2b4c5f0,0x00000006c8280000)
 Metaspace       used 34197K, capacity 37412K, committed 37632K, reserved 1081344K
  class space    used 4498K, capacity 5058K, committed 5120K, reserved 1048576K
}
Event: 628.336 GC heap before
{Heap before GC invocations=39 (full 17):
 PSYoungGen      total 124416K, used 26507K [0x000000076ab00000, 0x0000000774600000, 0x00000007c0000000)
  eden space 113664K, 19% used [0x000000076ab00000,0x000000076c01dbc0,0x0000000771a00000)
  from space 10752K, 45% used [0x0000000771a00000,0x0000000771ec5318,0x0000000772480000)
  to   space 15360K, 0% used [0x0000000773700000,0x0000000773700000,0x0000000774600000)
 ParOldGen       total 133632K, used 44337K [0x00000006c0000000, 0x00000006c8280000, 0x000000076ab00000)
  object space 133632K, 33% used [0x00000006c0000000,0x00000006c2b4c5f0,0x00000006c8280000)
 Metaspace       used 34198K, capacity 37412K, committed 37632K, reserved 1081344K
  class space    used 4498K, capacity 5058K, committed 5120K, reserved 1048576K
Event: 628.339 GC heap after
Heap after GC invocations=39 (full 17):
 PSYoungGen      total 141312K, used 4916K [0x000000076ab00000, 0x0000000774400000, 0x00000007c0000000)
  eden space 128000K, 0% used [0x000000076ab00000,0x000000076ab00000,0x0000000772800000)
  from space 13312K, 36% used [0x0000000773700000,0x0000000773bcd318,0x0000000774400000)
  to   space 14336K, 0% used [0x0000000772800000,0x0000000772800000,0x0000000773600000)
 ParOldGen       total 133632K, used 44337K [0x00000006c0000000, 0x00000006c8280000, 0x000000076ab00000)
  object space 133632K, 33% used [0x00000006c0000000,0x00000006c2b4c5f0,0x00000006c8280000)
 Metaspace       used 34198K, capacity 37412K, committed 37632K, reserved 1081344K
  class space    used 4498K, capacity 5058K, committed 5120K, reserved 1048576K
}
Event: 628.339 GC heap before
{Heap before GC invocations=40 (full 18):
 PSYoungGen      total 141312K, used 4916K [0x000000076ab00000, 0x0000000774400000, 0x00000007c0000000)
  eden space 128000K, 0% used [0x000000076ab00000,0x000000076ab00000,0x0000000772800000)
  from space 13312K, 36% used [0x0000000773700000,0x0000000773bcd318,0x0000000774400000)
  to   space 14336K, 0% used [0x0000000772800000,0x0000000772800000,0x0000000773600000)
 ParOldGen       total 133632K, used 44337K [0x00000006c0000000, 0x00000006c8280000, 0x000000076ab00000)
  object space 133632K, 33% used [0x00000006c0000000,0x00000006c2b4c5f0,0x00000006c8280000)
 Metaspace       used 34198K, capacity 37412K, committed 37632K, reserved 1081344K
  class space    used 4498K, capacity 5058K, committed 5120K, reserved 1048576K
Event: 628.383 GC heap after
Heap after GC invocations=40 (full 18):
 PSYoungGen      total 141312K, used 0K [0x000000076ab00000, 0x0000000774400000, 0x00000007c0000000)
  eden space 128000K, 0% used [0x000000076ab00000,0x000000076ab00000,0x0000000772800000)
  from space 13312K, 0% used [0x0000000773700000,0x0000000773700000,0x0000000774400000)
  to   space 14336K, 0% used [0x0000000772800000,0x0000000772800000,0x0000000773600000)
 ParOldGen       total 133632K, used 48500K [0x00000006c0000000, 0x00000006c8280000, 0x000000076ab00000)
  object space 133632K, 36% used [0x00000006c0000000,0x00000006c2f5d298,0x00000006c8280000)
 Metaspace       used 34198K, capacity 37412K, committed 37632K, reserved 1081344K
  class space    used 4498K, capacity 5058K, committed 5120K, reserved 1048576K
}

