# JRE version: OpenJDK Runtime Environment (8.0_265-b01) (build 1.8.0_265-b01)
# Java VM: OpenJDK 64-Bit Server VM (25.265-b01 mixed mode bsd-amd64 compressed oops)
Heap:
 PSYoungGen      total 64512K, used 11282K [0x000000076ab00000, 0x000000076f700000, 0x00000007c0000000)
  eden space 53248K, 8% used [0x000000076ab00000,0x000000076afa26f0,0x000000076df00000)
  from space 11264K, 58% used [0x000000076ec00000,0x000000076f2623f8,0x000000076f700000)
  to   space 12288K, 0% used [0x000000076df00000,0x000000076df00000,0x000000076eb00000)
 ParOldGen       total 134656K, used 44302K [0x00000006c0000000, 0x00000006c8380000, 0x000000076ab00000)
  object space 134656K, 32% used [0x00000006c0000000,0x00000006c2b43a10,0x00000006c8380000)
 Metaspace       used 34618K, capacity 38106K, committed 38272K, reserved 1083392K
  class space    used 4556K, capacity 5145K, committed 5248K, reserved 1048576K
GC Heap History (10 events):
Event: 603.495 GC heap before
{Heap before GC invocations=46 (full 5):
 PSYoungGen      total 64000K, used 59026K [0x000000076ab00000, 0x000000076f780000, 0x00000007c0000000)
  eden space 51712K, 100% used [0x000000076ab00000,0x000000076dd80000,0x000000076dd80000)
  from space 12288K, 59% used [0x000000076eb80000,0x000000076f2a4b00,0x000000076f780000)
  to   space 13312K, 0% used [0x000000076dd80000,0x000000076dd80000,0x000000076ea80000)
 ParOldGen       total 134656K, used 42779K [0x00000006c0000000, 0x00000006c8380000, 0x000000076ab00000)
  object space 134656K, 31% used [0x00000006c0000000,0x00000006c29c6f10,0x00000006c8380000)
 Metaspace       used 34614K, capacity 38106K, committed 38272K, reserved 1083392K
  class space    used 4556K, capacity 5145K, committed 5248K, reserved 1048576K
Event: 603.501 GC heap after
Heap after GC invocations=46 (full 5):
 PSYoungGen      total 59392K, used 7813K [0x000000076ab00000, 0x000000076f700000, 0x00000007c0000000)
  eden space 51200K, 0% used [0x000000076ab00000,0x000000076ab00000,0x000000076dd00000)
  from space 8192K, 95% used [0x000000076dd80000,0x000000076e5214f8,0x000000076e580000)
  to   space 13312K, 0% used [0x000000076ea00000,0x000000076ea00000,0x000000076f700000)
 ParOldGen       total 134656K, used 42827K [0x00000006c0000000, 0x00000006c8380000, 0x000000076ab00000)
  object space 134656K, 31% used [0x00000006c0000000,0x00000006c29d2f10,0x00000006c8380000)
 Metaspace       used 34614K, capacity 38106K, committed 38272K, reserved 1083392K
  class space    used 4556K, capacity 5145K, committed 5248K, reserved 1048576K
}
Event: 607.363 GC heap before
{Heap before GC invocations=47 (full 5):
 PSYoungGen      total 59392K, used 17785K [0x000000076ab00000, 0x000000076f700000, 0x00000007c0000000)
  eden space 51200K, 19% used [0x000000076ab00000,0x000000076b4bd080,0x000000076dd00000)
  from space 8192K, 95% used [0x000000076dd80000,0x000000076e5214f8,0x000000076e580000)
  to   space 13312K, 0% used [0x000000076ea00000,0x000000076ea00000,0x000000076f700000)
 ParOldGen       total 134656K, used 42827K [0x00000006c0000000, 0x00000006c8380000, 0x000000076ab00000)
  object space 134656K, 31% used [0x00000006c0000000,0x00000006c29d2f10,0x00000006c8380000)
 Metaspace       used 34615K, capacity 38106K, committed 38272K, reserved 1083392K
  class space    used 4556K, capacity 5145K, committed 5248K, reserved 1048576K
Event: 607.365 GC heap after
Heap after GC invocations=47 (full 5):
 PSYoungGen      total 63488K, used 5775K [0x000000076ab00000, 0x000000076f600000, 0x00000007c0000000)
  eden space 51200K, 0% used [0x000000076ab00000,0x000000076ab00000,0x000000076dd00000)
  from space 12288K, 47% used [0x000000076ea00000,0x000000076efa3dd0,0x000000076f600000)
  to   space 12800K, 0% used [0x000000076dd00000,0x000000076dd00000,0x000000076e980000)
 ParOldGen       total 134656K, used 42851K [0x00000006c0000000, 0x00000006c8380000, 0x000000076ab00000)
  object space 134656K, 31% used [0x00000006c0000000,0x00000006c29d8f10,0x00000006c8380000)
 Metaspace       used 34615K, capacity 38106K, committed 38272K, reserved 1083392K
  class space    used 4556K, capacity 5145K, committed 5248K, reserved 1048576K
}
Event: 607.365 GC heap before
{Heap before GC invocations=48 (full 6):
 PSYoungGen      total 63488K, used 5775K [0x000000076ab00000, 0x000000076f600000, 0x00000007c0000000)
  eden space 51200K, 0% used [0x000000076ab00000,0x000000076ab00000,0x000000076dd00000)
  from space 12288K, 47% used [0x000000076ea00000,0x000000076efa3dd0,0x000000076f600000)
  to   space 12800K, 0% used [0x000000076dd00000,0x000000076dd00000,0x000000076e980000)
 ParOldGen       total 134656K, used 42851K [0x00000006c0000000, 0x00000006c8380000, 0x000000076ab00000)
  object space 134656K, 31% used [0x00000006c0000000,0x00000006c29d8f10,0x00000006c8380000)
 Metaspace       used 34615K, capacity 38106K, committed 38272K, reserved 1083392K
  class space    used 4556K, capacity 5145K, committed 5248K, reserved 1048576K
Event: 607.429 GC heap after
Heap after GC invocations=48 (full 6):
 PSYoungGen      total 63488K, used 0K [0x000000076ab00000, 0x000000076f600000, 0x00000007c0000000)
  eden space 51200K, 0% used [0x000000076ab00000,0x000000076ab00000,0x000000076dd00000)
  from space 12288K, 0% used [0x000000076ea00000,0x000000076ea00000,0x000000076f600000)
  to   space 12800K, 0% used [0x000000076dd00000,0x000000076dd00000,0x000000076e980000)
 ParOldGen       total 134656K, used 43414K [0x00000006c0000000, 0x00000006c8380000, 0x000000076ab00000)
  object space 134656K, 32% used [0x00000006c0000000,0x00000006c2a65bb8,0x00000006c8380000)
 Metaspace       used 34615K, capacity 38106K, committed 38272K, reserved 1083392K
  class space    used 4556K, capacity 5145K, committed 5248K, reserved 1048576K
}
Event: 607.849 GC heap before
{Heap before GC invocations=49 (full 6):
 PSYoungGen      total 63488K, used 51200K [0x000000076ab00000, 0x000000076f600000, 0x00000007c0000000)
  eden space 51200K, 100% used [0x000000076ab00000,0x000000076dd00000,0x000000076dd00000)
  from space 12288K, 0% used [0x000000076ea00000,0x000000076ea00000,0x000000076f600000)
  to   space 12800K, 0% used [0x000000076dd00000,0x000000076dd00000,0x000000076e980000)
 ParOldGen       total 134656K, used 44301K [0x00000006c0000000, 0x00000006c8380000, 0x000000076ab00000)
  object space 134656K, 32% used [0x00000006c0000000,0x00000006c2b436a0,0x00000006c8380000)
 Metaspace       used 34618K, capacity 38106K, committed 38272K, reserved 1083392K
  class space    used 4556K, capacity 5145K, committed 5248K, reserved 1048576K
Event: 607.853 GC heap after
Heap after GC invocations=49 (full 6):
 PSYoungGen      total 64000K, used 3207K [0x000000076ab00000, 0x000000076f880000, 0x00000007c0000000)
  eden space 51200K, 0% used [0x000000076ab00000,0x000000076ab00000,0x000000076dd00000)
  from space 12800K, 25% used [0x000000076dd00000,0x000000076e021ec8,0x000000076e980000)
  to   space 12800K, 0% used [0x000000076ec00000,0x000000076ec00000,0x000000076f880000)
 ParOldGen       total 134656K, used 44301K [0x00000006c0000000, 0x00000006c8380000, 0x000000076ab00000)
  object space 134656K, 32% used [0x00000006c0000000,0x00000006c2b436a0,0x00000006c8380000)
 Metaspace       used 34618K, capacity 38106K, committed 38272K, reserved 1083392K
  class space    used 4556K, capacity 5145K, committed 5248K, reserved 1048576K
}
Event: 610.650 GC heap before
{Heap before GC invocations=50 (full 6):
 PSYoungGen      total 64000K, used 54407K [0x000000076ab00000, 0x000000076f880000, 0x00000007c0000000)
  eden space 51200K, 100% used [0x000000076ab00000,0x000000076dd00000,0x000000076dd00000)
  from space 12800K, 25% used [0x000000076dd00000,0x000000076e021ec8,0x000000076e980000)
  to   space 12800K, 0% used [0x000000076ec00000,0x000000076ec00000,0x000000076f880000)
 ParOldGen       total 134656K, used 44302K [0x00000006c0000000, 0x00000006c8380000, 0x000000076ab00000)
  object space 134656K, 32% used [0x00000006c0000000,0x00000006c2b43a10,0x00000006c8380000)
 Metaspace       used 34618K, capacity 38106K, committed 38272K, reserved 1083392K
  class space    used 4556K, capacity 5145K, committed 5248K, reserved 1048576K
Event: 610.653 GC heap after
Heap after GC invocations=50 (full 6):
 PSYoungGen      total 64512K, used 6536K [0x000000076ab00000, 0x000000076f700000, 0x00000007c0000000)
  eden space 53248K, 0% used [0x000000076ab00000,0x000000076ab00000,0x000000076df00000)
  from space 11264K, 58% used [0x000000076ec00000,0x000000076f2623f8,0x000000076f700000)
  to   space 12288K, 0% used [0x000000076df00000,0x000000076df00000,0x000000076eb00000)
 ParOldGen       total 134656K, used 44302K [0x00000006c0000000, 0x00000006c8380000, 0x000000076ab00000)
  object space 134656K, 32% used [0x00000006c0000000,0x00000006c2b43a10,0x00000006c8380000)
 Metaspace       used 34618K, capacity 38106K, committed 38272K, reserved 1083392K
  class space    used 4556K, capacity 5145K, committed 5248K, reserved 1048576K
}

