# JRE version: OpenJDK Runtime Environment (8.0_265-b01) (build 1.8.0_265-b01)
# Java VM: OpenJDK 64-Bit Server VM (25.265-b01 mixed mode bsd-amd64 compressed oops)
Heap:
 PSYoungGen      total 92160K, used 7409K [0x000000076ab00000, 0x0000000772900000, 0x00000007c0000000)
  eden space 81408K, 9% used [0x000000076ab00000,0x000000076b23c498,0x000000076fa80000)
  from space 10752K, 0% used [0x000000076fa80000,0x000000076fa80000,0x0000000770500000)
  to   space 10752K, 0% used [0x0000000771e80000,0x0000000771e80000,0x0000000772900000)
 ParOldGen       total 133120K, used 40937K [0x00000006c0000000, 0x00000006c8200000, 0x000000076ab00000)
  object space 133120K, 30% used [0x00000006c0000000,0x00000006c27fa4f8,0x00000006c8200000)
 Metaspace       used 33713K, capacity 36928K, committed 37248K, reserved 1081344K
  class space    used 4554K, capacity 5134K, committed 5248K, reserved 1048576K
GC Heap History (10 events):
Event: 88.859 GC heap before
{Heap before GC invocations=20 (full 9):
 PSYoungGen      total 92160K, used 14511K [0x000000076ab00000, 0x0000000770f80000, 0x00000007c0000000)
  eden space 81408K, 17% used [0x000000076ab00000,0x000000076b92bd40,0x000000076fa80000)
  from space 10752K, 0% used [0x0000000770500000,0x0000000770500000,0x0000000770f80000)
  to   space 10752K, 0% used [0x000000076fa80000,0x000000076fa80000,0x0000000770500000)
 ParOldGen       total 133120K, used 40148K [0x00000006c0000000, 0x00000006c8200000, 0x000000076ab00000)
  object space 133120K, 30% used [0x00000006c0000000,0x00000006c2735268,0x00000006c8200000)
 Metaspace       used 33585K, capacity 36792K, committed 36992K, reserved 1081344K
  class space    used 4553K, capacity 5134K, committed 5248K, reserved 1048576K
Event: 88.861 GC heap after
Heap after GC invocations=20 (full 9):
 PSYoungGen      total 92160K, used 2587K [0x000000076ab00000, 0x0000000770f80000, 0x00000007c0000000)
  eden space 81408K, 0% used [0x000000076ab00000,0x000000076ab00000,0x000000076fa80000)
  from space 10752K, 24% used [0x000000076fa80000,0x000000076fd06c10,0x0000000770500000)
  to   space 10752K, 0% used [0x0000000770500000,0x0000000770500000,0x0000000770f80000)
 ParOldGen       total 133120K, used 40156K [0x00000006c0000000, 0x00000006c8200000, 0x000000076ab00000)
  object space 133120K, 30% used [0x00000006c0000000,0x00000006c2737268,0x00000006c8200000)
 Metaspace       used 33585K, capacity 36792K, committed 36992K, reserved 1081344K
  class space    used 4553K, capacity 5134K, committed 5248K, reserved 1048576K
}
Event: 88.861 GC heap before
{Heap before GC invocations=21 (full 10):
 PSYoungGen      total 92160K, used 2587K [0x000000076ab00000, 0x0000000770f80000, 0x00000007c0000000)
  eden space 81408K, 0% used [0x000000076ab00000,0x000000076ab00000,0x000000076fa80000)
  from space 10752K, 24% used [0x000000076fa80000,0x000000076fd06c10,0x0000000770500000)
  to   space 10752K, 0% used [0x0000000770500000,0x0000000770500000,0x0000000770f80000)
 ParOldGen       total 133120K, used 40156K [0x00000006c0000000, 0x00000006c8200000, 0x000000076ab00000)
  object space 133120K, 30% used [0x00000006c0000000,0x00000006c2737268,0x00000006c8200000)
 Metaspace       used 33585K, capacity 36792K, committed 36992K, reserved 1081344K
  class space    used 4553K, capacity 5134K, committed 5248K, reserved 1048576K
Event: 88.927 GC heap after
Heap after GC invocations=21 (full 10):
 PSYoungGen      total 92160K, used 0K [0x000000076ab00000, 0x0000000770f80000, 0x00000007c0000000)
  eden space 81408K, 0% used [0x000000076ab00000,0x000000076ab00000,0x000000076fa80000)
  from space 10752K, 0% used [0x000000076fa80000,0x000000076fa80000,0x0000000770500000)
  to   space 10752K, 0% used [0x0000000770500000,0x0000000770500000,0x0000000770f80000)
 ParOldGen       total 133120K, used 40719K [0x00000006c0000000, 0x00000006c8200000, 0x000000076ab00000)
  object space 133120K, 30% used [0x00000006c0000000,0x00000006c27c3c00,0x00000006c8200000)
 Metaspace       used 33585K, capacity 36792K, committed 36992K, reserved 1081344K
  class space    used 4553K, capacity 5134K, committed 5248K, reserved 1048576K
}
Event: 88.964 GC heap before
{Heap before GC invocations=22 (full 10):
 PSYoungGen      total 92160K, used 7428K [0x000000076ab00000, 0x0000000770f80000, 0x00000007c0000000)
  eden space 81408K, 9% used [0x000000076ab00000,0x000000076b2412e0,0x000000076fa80000)
  from space 10752K, 0% used [0x000000076fa80000,0x000000076fa80000,0x0000000770500000)
  to   space 10752K, 0% used [0x0000000770500000,0x0000000770500000,0x0000000770f80000)
 ParOldGen       total 133120K, used 40719K [0x00000006c0000000, 0x00000006c8200000, 0x000000076ab00000)
  object space 133120K, 30% used [0x00000006c0000000,0x00000006c27c3c00,0x00000006c8200000)
 Metaspace       used 33618K, capacity 36856K, committed 36992K, reserved 1081344K
  class space    used 4553K, capacity 5134K, committed 5248K, reserved 1048576K
Event: 88.966 GC heap after
Heap after GC invocations=22 (full 10):
 PSYoungGen      total 92160K, used 544K [0x000000076ab00000, 0x0000000772900000, 0x00000007c0000000)
  eden space 81408K, 0% used [0x000000076ab00000,0x000000076ab00000,0x000000076fa80000)
  from space 10752K, 5% used [0x0000000770500000,0x0000000770588000,0x0000000770f80000)
  to   space 10752K, 0% used [0x000000076fa80000,0x000000076fa80000,0x0000000770500000)
 ParOldGen       total 133120K, used 40727K [0x00000006c0000000, 0x00000006c8200000, 0x000000076ab00000)
  object space 133120K, 30% used [0x00000006c0000000,0x00000006c27c5c00,0x00000006c8200000)
 Metaspace       used 33618K, capacity 36856K, committed 36992K, reserved 1081344K
  class space    used 4553K, capacity 5134K, committed 5248K, reserved 1048576K
}
Event: 98.103 GC heap before
{Heap before GC invocations=23 (full 10):
 PSYoungGen      total 92160K, used 11807K [0x000000076ab00000, 0x0000000772900000, 0x00000007c0000000)
  eden space 81408K, 13% used [0x000000076ab00000,0x000000076b5ffd20,0x000000076fa80000)
  from space 10752K, 5% used [0x0000000770500000,0x0000000770588000,0x0000000770f80000)
  to   space 10752K, 0% used [0x000000076fa80000,0x000000076fa80000,0x0000000770500000)
 ParOldGen       total 133120K, used 40727K [0x00000006c0000000, 0x00000006c8200000, 0x000000076ab00000)
  object space 133120K, 30% used [0x00000006c0000000,0x00000006c27c5c00,0x00000006c8200000)
 Metaspace       used 33690K, capacity 36864K, committed 36992K, reserved 1081344K
  class space    used 4553K, capacity 5134K, committed 5248K, reserved 1048576K
Event: 98.104 GC heap after
Heap after GC invocations=23 (full 10):
 PSYoungGen      total 92160K, used 804K [0x000000076ab00000, 0x0000000772900000, 0x00000007c0000000)
  eden space 81408K, 0% used [0x000000076ab00000,0x000000076ab00000,0x000000076fa80000)
  from space 10752K, 7% used [0x000000076fa80000,0x000000076fb49010,0x0000000770500000)
  to   space 10752K, 0% used [0x0000000771e80000,0x0000000771e80000,0x0000000772900000)
 ParOldGen       total 133120K, used 40735K [0x00000006c0000000, 0x00000006c8200000, 0x000000076ab00000)
  object space 133120K, 30% used [0x00000006c0000000,0x00000006c27c7c00,0x00000006c8200000)
 Metaspace       used 33690K, capacity 36864K, committed 36992K, reserved 1081344K
  class space    used 4553K, capacity 5134K, committed 5248K, reserved 1048576K
}
Event: 98.104 GC heap before
{Heap before GC invocations=24 (full 11):
 PSYoungGen      total 92160K, used 804K [0x000000076ab00000, 0x0000000772900000, 0x00000007c0000000)
  eden space 81408K, 0% used [0x000000076ab00000,0x000000076ab00000,0x000000076fa80000)
  from space 10752K, 7% used [0x000000076fa80000,0x000000076fb49010,0x0000000770500000)
  to   space 10752K, 0% used [0x0000000771e80000,0x0000000771e80000,0x0000000772900000)
 ParOldGen       total 133120K, used 40735K [0x00000006c0000000, 0x00000006c8200000, 0x000000076ab00000)
  object space 133120K, 30% used [0x00000006c0000000,0x00000006c27c7c00,0x00000006c8200000)
 Metaspace       used 33690K, capacity 36864K, committed 36992K, reserved 1081344K
  class space    used 4553K, capacity 5134K, committed 5248K, reserved 1048576K
Event: 98.201 GC heap after
Heap after GC invocations=24 (full 11):
 PSYoungGen      total 92160K, used 0K [0x000000076ab00000, 0x0000000772900000, 0x00000007c0000000)
  eden space 81408K, 0% used [0x000000076ab00000,0x000000076ab00000,0x000000076fa80000)
  from space 10752K, 0% used [0x000000076fa80000,0x000000076fa80000,0x0000000770500000)
  to   space 10752K, 0% used [0x0000000771e80000,0x0000000771e80000,0x0000000772900000)
 ParOldGen       total 133120K, used 40937K [0x00000006c0000000, 0x00000006c8200000, 0x000000076ab00000)
  object space 133120K, 30% used [0x00000006c0000000,0x00000006c27fa4f8,0x00000006c8200000)
 Metaspace       used 33690K, capacity 36864K, committed 36992K, reserved 1081344K
  class space    used 4553K, capacity 5134K, committed 5248K, reserved 1048576K
}

