# JRE version: OpenJDK Runtime Environment (8.0_265-b01) (build 1.8.0_265-b01)
# Java VM: OpenJDK 64-Bit Server VM (25.265-b01 mixed mode bsd-amd64 compressed oops)
Heap:
 PSYoungGen      total 92672K, used 7878K [0x000000076ab00000, 0x0000000771000000, 0x00000007c0000000)
  eden space 81920K, 9% used [0x000000076ab00000,0x000000076b2b1898,0x000000076fb00000)
  from space 10752K, 0% used [0x0000000770580000,0x0000000770580000,0x0000000771000000)
  to   space 10752K, 0% used [0x000000076fb00000,0x000000076fb00000,0x0000000770580000)
 ParOldGen       total 134656K, used 40753K [0x00000006c0000000, 0x00000006c8380000, 0x000000076ab00000)
  object space 134656K, 30% used [0x00000006c0000000,0x00000006c27cc4e0,0x00000006c8380000)
 Metaspace       used 33268K, capacity 36482K, committed 36608K, reserved 1081344K
  class space    used 4470K, capacity 5017K, committed 5120K, reserved 1048576K
GC Heap History (10 events):
Event: 17.479 GC heap before
{Heap before GC invocations=6 (full 2):
 PSYoungGen      total 76288K, used 58744K [0x000000076ab00000, 0x0000000771000000, 0x00000007c0000000)
  eden space 65536K, 89% used [0x000000076ab00000,0x000000076e45e280,0x000000076eb00000)
  from space 10752K, 0% used [0x000000076eb00000,0x000000076eb00000,0x000000076f580000)
  to   space 10752K, 0% used [0x0000000770580000,0x0000000770580000,0x0000000771000000)
 ParOldGen       total 134656K, used 32659K [0x00000006c0000000, 0x00000006c8380000, 0x000000076ab00000)
  object space 134656K, 24% used [0x00000006c0000000,0x00000006c1fe4d80,0x00000006c8380000)
 Metaspace       used 32051K, capacity 35040K, committed 35200K, reserved 1079296K
  class space    used 4419K, capacity 4956K, committed 4992K, reserved 1048576K
Event: 17.483 GC heap after
Heap after GC invocations=6 (full 2):
 PSYoungGen      total 92672K, used 5216K [0x000000076ab00000, 0x0000000771000000, 0x00000007c0000000)
  eden space 81920K, 0% used [0x000000076ab00000,0x000000076ab00000,0x000000076fb00000)
  from space 10752K, 48% used [0x0000000770580000,0x0000000770a98000,0x0000000771000000)
  to   space 10752K, 0% used [0x000000076fb00000,0x000000076fb00000,0x0000000770580000)
 ParOldGen       total 134656K, used 32667K [0x00000006c0000000, 0x00000006c8380000, 0x000000076ab00000)
  object space 134656K, 24% used [0x00000006c0000000,0x00000006c1fe6d80,0x00000006c8380000)
 Metaspace       used 32051K, capacity 35040K, committed 35200K, reserved 1079296K
  class space    used 4419K, capacity 4956K, committed 4992K, reserved 1048576K
}
Event: 17.483 GC heap before
{Heap before GC invocations=7 (full 3):
 PSYoungGen      total 92672K, used 5216K [0x000000076ab00000, 0x0000000771000000, 0x00000007c0000000)
  eden space 81920K, 0% used [0x000000076ab00000,0x000000076ab00000,0x000000076fb00000)
  from space 10752K, 48% used [0x0000000770580000,0x0000000770a98000,0x0000000771000000)
  to   space 10752K, 0% used [0x000000076fb00000,0x000000076fb00000,0x0000000770580000)
 ParOldGen       total 134656K, used 32667K [0x00000006c0000000, 0x00000006c8380000, 0x000000076ab00000)
  object space 134656K, 24% used [0x00000006c0000000,0x00000006c1fe6d80,0x00000006c8380000)
 Metaspace       used 32051K, capacity 35040K, committed 35200K, reserved 1079296K
  class space    used 4419K, capacity 4956K, committed 4992K, reserved 1048576K
Event: 17.594 GC heap after
Heap after GC invocations=7 (full 3):
 PSYoungGen      total 92672K, used 0K [0x000000076ab00000, 0x0000000771000000, 0x00000007c0000000)
  eden space 81920K, 0% used [0x000000076ab00000,0x000000076ab00000,0x000000076fb00000)
  from space 10752K, 0% used [0x0000000770580000,0x0000000770580000,0x0000000771000000)
  to   space 10752K, 0% used [0x000000076fb00000,0x000000076fb00000,0x0000000770580000)
 ParOldGen       total 134656K, used 37053K [0x00000006c0000000, 0x00000006c8380000, 0x000000076ab00000)
  object space 134656K, 27% used [0x00000006c0000000,0x00000006c242f5a0,0x00000006c8380000)
 Metaspace       used 32051K, capacity 35040K, committed 35200K, reserved 1079296K
  class space    used 4419K, capacity 4956K, committed 4992K, reserved 1048576K
}
Event: 79.216 GC heap before
{Heap before GC invocations=8 (full 3):
 PSYoungGen      total 92672K, used 81920K [0x000000076ab00000, 0x0000000771000000, 0x00000007c0000000)
  eden space 81920K, 100% used [0x000000076ab00000,0x000000076fb00000,0x000000076fb00000)
  from space 10752K, 0% used [0x0000000770580000,0x0000000770580000,0x0000000771000000)
  to   space 10752K, 0% used [0x000000076fb00000,0x000000076fb00000,0x0000000770580000)
 ParOldGen       total 134656K, used 37053K [0x00000006c0000000, 0x00000006c8380000, 0x000000076ab00000)
  object space 134656K, 27% used [0x00000006c0000000,0x00000006c242f5a0,0x00000006c8380000)
 Metaspace       used 33208K, capacity 36354K, committed 36608K, reserved 1081344K
  class space    used 4468K, capacity 5017K, committed 5120K, reserved 1048576K
Event: 79.220 GC heap after
Heap after GC invocations=8 (full 3):
 PSYoungGen      total 92672K, used 5416K [0x000000076ab00000, 0x0000000771000000, 0x00000007c0000000)
  eden space 81920K, 0% used [0x000000076ab00000,0x000000076ab00000,0x000000076fb00000)
  from space 10752K, 50% used [0x000000076fb00000,0x000000077004a0e8,0x0000000770580000)
  to   space 10752K, 0% used [0x0000000770580000,0x0000000770580000,0x0000000771000000)
 ParOldGen       total 134656K, used 37061K [0x00000006c0000000, 0x00000006c8380000, 0x000000076ab00000)
  object space 134656K, 27% used [0x00000006c0000000,0x00000006c24315a0,0x00000006c8380000)
 Metaspace       used 33208K, capacity 36354K, committed 36608K, reserved 1081344K
  class space    used 4468K, capacity 5017K, committed 5120K, reserved 1048576K
}
Event: 89.223 GC heap before
{Heap before GC invocations=9 (full 3):
 PSYoungGen      total 92672K, used 16620K [0x000000076ab00000, 0x0000000771000000, 0x00000007c0000000)
  eden space 81920K, 13% used [0x000000076ab00000,0x000000076b5f1188,0x000000076fb00000)
  from space 10752K, 50% used [0x000000076fb00000,0x000000077004a0e8,0x0000000770580000)
  to   space 10752K, 0% used [0x0000000770580000,0x0000000770580000,0x0000000771000000)
 ParOldGen       total 134656K, used 37061K [0x00000006c0000000, 0x00000006c8380000, 0x000000076ab00000)
  object space 134656K, 27% used [0x00000006c0000000,0x00000006c24315a0,0x00000006c8380000)
 Metaspace       used 33242K, capacity 36390K, committed 36608K, reserved 1081344K
  class space    used 4468K, capacity 5017K, committed 5120K, reserved 1048576K
Event: 89.226 GC heap after
Heap after GC invocations=9 (full 3):
 PSYoungGen      total 92672K, used 5049K [0x000000076ab00000, 0x0000000771000000, 0x00000007c0000000)
  eden space 81920K, 0% used [0x000000076ab00000,0x000000076ab00000,0x000000076fb00000)
  from space 10752K, 46% used [0x0000000770580000,0x0000000770a6e7e8,0x0000000771000000)
  to   space 10752K, 0% used [0x000000076fb00000,0x000000076fb00000,0x0000000770580000)
 ParOldGen       total 134656K, used 37069K [0x00000006c0000000, 0x00000006c8380000, 0x000000076ab00000)
  object space 134656K, 27% used [0x00000006c0000000,0x00000006c24335a0,0x00000006c8380000)
 Metaspace       used 33242K, capacity 36390K, committed 36608K, reserved 1081344K
  class space    used 4468K, capacity 5017K, committed 5120K, reserved 1048576K
}
Event: 89.226 GC heap before
{Heap before GC invocations=10 (full 4):
 PSYoungGen      total 92672K, used 5049K [0x000000076ab00000, 0x0000000771000000, 0x00000007c0000000)
  eden space 81920K, 0% used [0x000000076ab00000,0x000000076ab00000,0x000000076fb00000)
  from space 10752K, 46% used [0x0000000770580000,0x0000000770a6e7e8,0x0000000771000000)
  to   space 10752K, 0% used [0x000000076fb00000,0x000000076fb00000,0x0000000770580000)
 ParOldGen       total 134656K, used 37069K [0x00000006c0000000, 0x00000006c8380000, 0x000000076ab00000)
  object space 134656K, 27% used [0x00000006c0000000,0x00000006c24335a0,0x00000006c8380000)
 Metaspace       used 33242K, capacity 36390K, committed 36608K, reserved 1081344K
  class space    used 4468K, capacity 5017K, committed 5120K, reserved 1048576K
Event: 89.343 GC heap after
Heap after GC invocations=10 (full 4):
 PSYoungGen      total 92672K, used 0K [0x000000076ab00000, 0x0000000771000000, 0x00000007c0000000)
  eden space 81920K, 0% used [0x000000076ab00000,0x000000076ab00000,0x000000076fb00000)
  from space 10752K, 0% used [0x0000000770580000,0x0000000770580000,0x0000000771000000)
  to   space 10752K, 0% used [0x000000076fb00000,0x000000076fb00000,0x0000000770580000)
 ParOldGen       total 134656K, used 40753K [0x00000006c0000000, 0x00000006c8380000, 0x000000076ab00000)
  object space 134656K, 30% used [0x00000006c0000000,0x00000006c27cc4e0,0x00000006c8380000)
 Metaspace       used 33242K, capacity 36390K, committed 36608K, reserved 1081344K
  class space    used 4468K, capacity 5017K, committed 5120K, reserved 1048576K
}

