# JRE version: OpenJDK Runtime Environment (8.0_265-b01) (build 1.8.0_265-b01)
# Java VM: OpenJDK 64-Bit Server VM (25.265-b01 mixed mode bsd-amd64 compressed oops)
Heap:
 PSYoungGen      total 76288K, used 11333K [0x000000076ab00000, 0x0000000770000000, 0x00000007c0000000)
  eden space 65536K, 17% used [0x000000076ab00000,0x000000076b611758,0x000000076eb00000)
  from space 10752K, 0% used [0x000000076eb00000,0x000000076eb00000,0x000000076f580000)
  to   space 10752K, 0% used [0x000000076f580000,0x000000076f580000,0x0000000770000000)
 ParOldGen       total 134144K, used 46541K [0x00000006c0000000, 0x00000006c8300000, 0x000000076ab00000)
  object space 134144K, 34% used [0x00000006c0000000,0x00000006c2d737c0,0x00000006c8300000)
 Metaspace       used 34776K, capacity 38166K, committed 38272K, reserved 1083392K
  class space    used 4603K, capacity 5191K, committed 5248K, reserved 1048576K
GC Heap History (10 events):
Event: 635.745 GC heap before
{Heap before GC invocations=28 (full 13):
 PSYoungGen      total 76288K, used 988K [0x000000076ab00000, 0x0000000770000000, 0x00000007c0000000)
  eden space 65536K, 0% used [0x000000076ab00000,0x000000076ab00000,0x000000076eb00000)
  from space 10752K, 9% used [0x000000076eb00000,0x000000076ebf7090,0x000000076f580000)
  to   space 10752K, 0% used [0x000000076f580000,0x000000076f580000,0x0000000770000000)
 ParOldGen       total 134144K, used 46133K [0x00000006c0000000, 0x00000006c8300000, 0x000000076ab00000)
  object space 134144K, 34% used [0x00000006c0000000,0x00000006c2d0d510,0x00000006c8300000)
 Metaspace       used 34629K, capacity 38026K, committed 38272K, reserved 1083392K
  class space    used 4603K, capacity 5191K, committed 5248K, reserved 1048576K
Event: 635.831 GC heap after
Heap after GC invocations=28 (full 13):
 PSYoungGen      total 76288K, used 0K [0x000000076ab00000, 0x0000000770000000, 0x00000007c0000000)
  eden space 65536K, 0% used [0x000000076ab00000,0x000000076ab00000,0x000000076eb00000)
  from space 10752K, 0% used [0x000000076eb00000,0x000000076eb00000,0x000000076f580000)
  to   space 10752K, 0% used [0x000000076f580000,0x000000076f580000,0x0000000770000000)
 ParOldGen       total 134144K, used 46208K [0x00000006c0000000, 0x00000006c8300000, 0x000000076ab00000)
  object space 134144K, 34% used [0x00000006c0000000,0x00000006c2d20320,0x00000006c8300000)
 Metaspace       used 34629K, capacity 38026K, committed 38272K, reserved 1083392K
  class space    used 4603K, capacity 5191K, committed 5248K, reserved 1048576K
}
Event: 636.936 GC heap before
{Heap before GC invocations=29 (full 13):
 PSYoungGen      total 76288K, used 9180K [0x000000076ab00000, 0x0000000770000000, 0x00000007c0000000)
  eden space 65536K, 14% used [0x000000076ab00000,0x000000076b3f7230,0x000000076eb00000)
  from space 10752K, 0% used [0x000000076eb00000,0x000000076eb00000,0x000000076f580000)
  to   space 10752K, 0% used [0x000000076f580000,0x000000076f580000,0x0000000770000000)
 ParOldGen       total 134144K, used 46208K [0x00000006c0000000, 0x00000006c8300000, 0x000000076ab00000)
  object space 134144K, 34% used [0x00000006c0000000,0x00000006c2d20320,0x00000006c8300000)
 Metaspace       used 34671K, capacity 38026K, committed 38272K, reserved 1083392K
  class space    used 4603K, capacity 5191K, committed 5248K, reserved 1048576K
Event: 636.937 GC heap after
Heap after GC invocations=29 (full 13):
 PSYoungGen      total 76288K, used 384K [0x000000076ab00000, 0x0000000770000000, 0x00000007c0000000)
  eden space 65536K, 0% used [0x000000076ab00000,0x000000076ab00000,0x000000076eb00000)
  from space 10752K, 3% used [0x000000076f580000,0x000000076f5e0000,0x0000000770000000)
  to   space 10752K, 0% used [0x000000076eb00000,0x000000076eb00000,0x000000076f580000)
 ParOldGen       total 134144K, used 46216K [0x00000006c0000000, 0x00000006c8300000, 0x000000076ab00000)
  object space 134144K, 34% used [0x00000006c0000000,0x00000006c2d22320,0x00000006c8300000)
 Metaspace       used 34671K, capacity 38026K, committed 38272K, reserved 1083392K
  class space    used 4603K, capacity 5191K, committed 5248K, reserved 1048576K
}
Event: 636.937 GC heap before
{Heap before GC invocations=30 (full 14):
 PSYoungGen      total 76288K, used 384K [0x000000076ab00000, 0x0000000770000000, 0x00000007c0000000)
  eden space 65536K, 0% used [0x000000076ab00000,0x000000076ab00000,0x000000076eb00000)
  from space 10752K, 3% used [0x000000076f580000,0x000000076f5e0000,0x0000000770000000)
  to   space 10752K, 0% used [0x000000076eb00000,0x000000076eb00000,0x000000076f580000)
 ParOldGen       total 134144K, used 46216K [0x00000006c0000000, 0x00000006c8300000, 0x000000076ab00000)
  object space 134144K, 34% used [0x00000006c0000000,0x00000006c2d22320,0x00000006c8300000)
 Metaspace       used 34671K, capacity 38026K, committed 38272K, reserved 1083392K
  class space    used 4603K, capacity 5191K, committed 5248K, reserved 1048576K
Event: 636.990 GC heap after
Heap after GC invocations=30 (full 14):
 PSYoungGen      total 76288K, used 0K [0x000000076ab00000, 0x0000000770000000, 0x00000007c0000000)
  eden space 65536K, 0% used [0x000000076ab00000,0x000000076ab00000,0x000000076eb00000)
  from space 10752K, 0% used [0x000000076f580000,0x000000076f580000,0x0000000770000000)
  to   space 10752K, 0% used [0x000000076eb00000,0x000000076eb00000,0x000000076f580000)
 ParOldGen       total 134144K, used 46191K [0x00000006c0000000, 0x00000006c8300000, 0x000000076ab00000)
  object space 134144K, 34% used [0x00000006c0000000,0x00000006c2d1bde0,0x00000006c8300000)
 Metaspace       used 34671K, capacity 38026K, committed 38272K, reserved 1083392K
  class space    used 4603K, capacity 5191K, committed 5248K, reserved 1048576K
}
Event: 648.976 GC heap before
{Heap before GC invocations=31 (full 14):
 PSYoungGen      total 76288K, used 31426K [0x000000076ab00000, 0x0000000770000000, 0x00000007c0000000)
  eden space 65536K, 47% used [0x000000076ab00000,0x000000076c9b0928,0x000000076eb00000)
  from space 10752K, 0% used [0x000000076f580000,0x000000076f580000,0x0000000770000000)
  to   space 10752K, 0% used [0x000000076eb00000,0x000000076eb00000,0x000000076f580000)
 ParOldGen       total 134144K, used 46191K [0x00000006c0000000, 0x00000006c8300000, 0x000000076ab00000)
  object space 134144K, 34% used [0x00000006c0000000,0x00000006c2d1bde0,0x00000006c8300000)
 Metaspace       used 34738K, capacity 38102K, committed 38272K, reserved 1083392K
  class space    used 4603K, capacity 5191K, committed 5248K, reserved 1048576K
Event: 648.978 GC heap after
Heap after GC invocations=31 (full 14):
 PSYoungGen      total 76288K, used 1187K [0x000000076ab00000, 0x0000000770000000, 0x00000007c0000000)
  eden space 65536K, 0% used [0x000000076ab00000,0x000000076ab00000,0x000000076eb00000)
  from space 10752K, 11% used [0x000000076eb00000,0x000000076ec28de0,0x000000076f580000)
  to   space 10752K, 0% used [0x000000076f580000,0x000000076f580000,0x0000000770000000)
 ParOldGen       total 134144K, used 46199K [0x00000006c0000000, 0x00000006c8300000, 0x000000076ab00000)
  object space 134144K, 34% used [0x00000006c0000000,0x00000006c2d1dde0,0x00000006c8300000)
 Metaspace       used 34738K, capacity 38102K, committed 38272K, reserved 1083392K
  class space    used 4603K, capacity 5191K, committed 5248K, reserved 1048576K
}
Event: 648.978 GC heap before
{Heap before GC invocations=32 (full 15):
 PSYoungGen      total 76288K, used 1187K [0x000000076ab00000, 0x0000000770000000, 0x00000007c0000000)
  eden space 65536K, 0% used [0x000000076ab00000,0x000000076ab00000,0x000000076eb00000)
  from space 10752K, 11% used [0x000000076eb00000,0x000000076ec28de0,0x000000076f580000)
  to   space 10752K, 0% used [0x000000076f580000,0x000000076f580000,0x0000000770000000)
 ParOldGen       total 134144K, used 46199K [0x00000006c0000000, 0x00000006c8300000, 0x000000076ab00000)
  object space 134144K, 34% used [0x00000006c0000000,0x00000006c2d1dde0,0x00000006c8300000)
 Metaspace       used 34738K, capacity 38102K, committed 38272K, reserved 1083392K
  class space    used 4603K, capacity 5191K, committed 5248K, reserved 1048576K
Event: 649.052 GC heap after
Heap after GC invocations=32 (full 15):
 PSYoungGen      total 76288K, used 0K [0x000000076ab00000, 0x0000000770000000, 0x00000007c0000000)
  eden space 65536K, 0% used [0x000000076ab00000,0x000000076ab00000,0x000000076eb00000)
  from space 10752K, 0% used [0x000000076eb00000,0x000000076eb00000,0x000000076f580000)
  to   space 10752K, 0% used [0x000000076f580000,0x000000076f580000,0x0000000770000000)
 ParOldGen       total 134144K, used 46541K [0x00000006c0000000, 0x00000006c8300000, 0x000000076ab00000)
  object space 134144K, 34% used [0x00000006c0000000,0x00000006c2d737c0,0x00000006c8300000)
 Metaspace       used 34738K, capacity 38102K, committed 38272K, reserved 1083392K
  class space    used 4603K, capacity 5191K, committed 5248K, reserved 1048576K
}

