# JRE version: OpenJDK Runtime Environment (8.0_265-b01) (build 1.8.0_265-b01)
# Java VM: OpenJDK 64-Bit Server VM (25.265-b01 mixed mode bsd-amd64 compressed oops)
Heap:
 PSYoungGen      total 115200K, used 10943K [0x000000076ab00000, 0x0000000772600000, 0x00000007c0000000)
  eden space 104448K, 10% used [0x000000076ab00000,0x000000076b5afc90,0x0000000771100000)
  from space 10752K, 0% used [0x0000000771b80000,0x0000000771b80000,0x0000000772600000)
  to   space 10752K, 0% used [0x0000000771100000,0x0000000771100000,0x0000000771b80000)
 ParOldGen       total 134144K, used 36860K [0x00000006c0000000, 0x00000006c8300000, 0x000000076ab00000)
  object space 134144K, 27% used [0x00000006c0000000,0x00000006c23ff0a0,0x00000006c8300000)
 Metaspace       used 33266K, capacity 36376K, committed 36608K, reserved 1081344K
  class space    used 4514K, capacity 5076K, committed 5120K, reserved 1048576K
GC Heap History (10 events):
Event: 16.952 GC heap before
{Heap before GC invocations=10 (full 4):
 PSYoungGen      total 92160K, used 7194K [0x000000076ab00000, 0x0000000770f80000, 0x00000007c0000000)
  eden space 81408K, 8% used [0x000000076ab00000,0x000000076b206a30,0x000000076fa80000)
  from space 10752K, 0% used [0x000000076fa80000,0x000000076fa80000,0x0000000770500000)
  to   space 10752K, 0% used [0x0000000770500000,0x0000000770500000,0x0000000770f80000)
 ParOldGen       total 134144K, used 36193K [0x00000006c0000000, 0x00000006c8300000, 0x000000076ab00000)
  object space 134144K, 26% used [0x00000006c0000000,0x00000006c2358438,0x00000006c8300000)
 Metaspace       used 32344K, capacity 35336K, committed 35456K, reserved 1079296K
  class space    used 4424K, capacity 4986K, committed 4992K, reserved 1048576K
Event: 16.953 GC heap after
Heap after GC invocations=10 (full 4):
 PSYoungGen      total 92160K, used 448K [0x000000076ab00000, 0x0000000772600000, 0x00000007c0000000)
  eden space 81408K, 0% used [0x000000076ab00000,0x000000076ab00000,0x000000076fa80000)
  from space 10752K, 4% used [0x0000000770500000,0x0000000770570000,0x0000000770f80000)
  to   space 10752K, 0% used [0x000000076fa80000,0x000000076fa80000,0x0000000770500000)
 ParOldGen       total 134144K, used 36201K [0x00000006c0000000, 0x00000006c8300000, 0x000000076ab00000)
  object space 134144K, 26% used [0x00000006c0000000,0x00000006c235a438,0x00000006c8300000)
 Metaspace       used 32344K, capacity 35336K, committed 35456K, reserved 1079296K
  class space    used 4424K, capacity 4986K, committed 4992K, reserved 1048576K
}
Event: 43.859 GC heap before
{Heap before GC invocations=11 (full 4):
 PSYoungGen      total 92160K, used 24269K [0x000000076ab00000, 0x0000000772600000, 0x00000007c0000000)
  eden space 81408K, 29% used [0x000000076ab00000,0x000000076c243410,0x000000076fa80000)
  from space 10752K, 4% used [0x0000000770500000,0x0000000770570000,0x0000000770f80000)
  to   space 10752K, 0% used [0x000000076fa80000,0x000000076fa80000,0x0000000770500000)
 ParOldGen       total 134144K, used 36201K [0x00000006c0000000, 0x00000006c8300000, 0x000000076ab00000)
  object space 134144K, 26% used [0x00000006c0000000,0x00000006c235a438,0x00000006c8300000)
 Metaspace       used 32824K, capacity 35896K, committed 35968K, reserved 1081344K
  class space    used 4439K, capacity 4990K, committed 4992K, reserved 1048576K
Event: 43.861 GC heap after
Heap after GC invocations=11 (full 4):
 PSYoungGen      total 92160K, used 832K [0x000000076ab00000, 0x0000000772600000, 0x00000007c0000000)
  eden space 81408K, 0% used [0x000000076ab00000,0x000000076ab00000,0x000000076fa80000)
  from space 10752K, 7% used [0x000000076fa80000,0x000000076fb50000,0x0000000770500000)
  to   space 10752K, 0% used [0x0000000771b80000,0x0000000771b80000,0x0000000772600000)
 ParOldGen       total 134144K, used 36209K [0x00000006c0000000, 0x00000006c8300000, 0x000000076ab00000)
  object space 134144K, 26% used [0x00000006c0000000,0x00000006c235c438,0x00000006c8300000)
 Metaspace       used 32824K, capacity 35896K, committed 35968K, reserved 1081344K
  class space    used 4439K, capacity 4990K, committed 4992K, reserved 1048576K
}
Event: 43.861 GC heap before
{Heap before GC invocations=12 (full 5):
 PSYoungGen      total 92160K, used 832K [0x000000076ab00000, 0x0000000772600000, 0x00000007c0000000)
  eden space 81408K, 0% used [0x000000076ab00000,0x000000076ab00000,0x000000076fa80000)
  from space 10752K, 7% used [0x000000076fa80000,0x000000076fb50000,0x0000000770500000)
  to   space 10752K, 0% used [0x0000000771b80000,0x0000000771b80000,0x0000000772600000)
 ParOldGen       total 134144K, used 36209K [0x00000006c0000000, 0x00000006c8300000, 0x000000076ab00000)
  object space 134144K, 26% used [0x00000006c0000000,0x00000006c235c438,0x00000006c8300000)
 Metaspace       used 32824K, capacity 35896K, committed 35968K, reserved 1081344K
  class space    used 4439K, capacity 4990K, committed 4992K, reserved 1048576K
Event: 43.947 GC heap after
Heap after GC invocations=12 (full 5):
 PSYoungGen      total 92160K, used 0K [0x000000076ab00000, 0x0000000772600000, 0x00000007c0000000)
  eden space 81408K, 0% used [0x000000076ab00000,0x000000076ab00000,0x000000076fa80000)
  from space 10752K, 0% used [0x000000076fa80000,0x000000076fa80000,0x0000000770500000)
  to   space 10752K, 0% used [0x0000000771b80000,0x0000000771b80000,0x0000000772600000)
 ParOldGen       total 134144K, used 36616K [0x00000006c0000000, 0x00000006c8300000, 0x000000076ab00000)
  object space 134144K, 27% used [0x00000006c0000000,0x00000006c23c2070,0x00000006c8300000)
 Metaspace       used 32824K, capacity 35896K, committed 35968K, reserved 1081344K
  class space    used 4439K, capacity 4990K, committed 4992K, reserved 1048576K
}
Event: 50.060 GC heap before
{Heap before GC invocations=13 (full 5):
 PSYoungGen      total 92160K, used 10166K [0x000000076ab00000, 0x0000000772600000, 0x00000007c0000000)
  eden space 81408K, 12% used [0x000000076ab00000,0x000000076b4edad0,0x000000076fa80000)
  from space 10752K, 0% used [0x000000076fa80000,0x000000076fa80000,0x0000000770500000)
  to   space 10752K, 0% used [0x0000000771b80000,0x0000000771b80000,0x0000000772600000)
 ParOldGen       total 134144K, used 36616K [0x00000006c0000000, 0x00000006c8300000, 0x000000076ab00000)
  object space 134144K, 27% used [0x00000006c0000000,0x00000006c23c2070,0x00000006c8300000)
 Metaspace       used 33190K, capacity 36348K, committed 36608K, reserved 1081344K
  class space    used 4512K, capacity 5072K, committed 5120K, reserved 1048576K
Event: 50.062 GC heap after
Heap after GC invocations=13 (full 5):
 PSYoungGen      total 115200K, used 740K [0x000000076ab00000, 0x0000000772600000, 0x00000007c0000000)
  eden space 104448K, 0% used [0x000000076ab00000,0x000000076ab00000,0x0000000771100000)
  from space 10752K, 6% used [0x0000000771b80000,0x0000000771c39010,0x0000000772600000)
  to   space 10752K, 0% used [0x0000000771100000,0x0000000771100000,0x0000000771b80000)
 ParOldGen       total 134144K, used 36624K [0x00000006c0000000, 0x00000006c8300000, 0x000000076ab00000)
  object space 134144K, 27% used [0x00000006c0000000,0x00000006c23c4070,0x00000006c8300000)
 Metaspace       used 33190K, capacity 36348K, committed 36608K, reserved 1081344K
  class space    used 4512K, capacity 5072K, committed 5120K, reserved 1048576K
}
Event: 50.062 GC heap before
{Heap before GC invocations=14 (full 6):
 PSYoungGen      total 115200K, used 740K [0x000000076ab00000, 0x0000000772600000, 0x00000007c0000000)
  eden space 104448K, 0% used [0x000000076ab00000,0x000000076ab00000,0x0000000771100000)
  from space 10752K, 6% used [0x0000000771b80000,0x0000000771c39010,0x0000000772600000)
  to   space 10752K, 0% used [0x0000000771100000,0x0000000771100000,0x0000000771b80000)
 ParOldGen       total 134144K, used 36624K [0x00000006c0000000, 0x00000006c8300000, 0x000000076ab00000)
  object space 134144K, 27% used [0x00000006c0000000,0x00000006c23c4070,0x00000006c8300000)
 Metaspace       used 33190K, capacity 36348K, committed 36608K, reserved 1081344K
  class space    used 4512K, capacity 5072K, committed 5120K, reserved 1048576K
Event: 50.164 GC heap after
Heap after GC invocations=14 (full 6):
 PSYoungGen      total 115200K, used 0K [0x000000076ab00000, 0x0000000772600000, 0x00000007c0000000)
  eden space 104448K, 0% used [0x000000076ab00000,0x000000076ab00000,0x0000000771100000)
  from space 10752K, 0% used [0x0000000771b80000,0x0000000771b80000,0x0000000772600000)
  to   space 10752K, 0% used [0x0000000771100000,0x0000000771100000,0x0000000771b80000)
 ParOldGen       total 134144K, used 36860K [0x00000006c0000000, 0x00000006c8300000, 0x000000076ab00000)
  object space 134144K, 27% used [0x00000006c0000000,0x00000006c23ff0a0,0x00000006c8300000)
 Metaspace       used 33190K, capacity 36348K, committed 36608K, reserved 1081344K
  class space    used 4512K, capacity 5072K, committed 5120K, reserved 1048576K
}

